<?xml version="1.0" encoding="UTF-8"?>
<!-- Generated by org.testng.reporters.JUnitReportReporter -->
<testsuite hostname="LAPTOP-TNAKJLV5" failures="0" tests="1" name="org.sample.task.sudha.Login_Page_Test" time="2.772" errors="0" timestamp="2021-05-24T13:50:48 EDT" skipped="0">
  <testcase classname="org.sample.task.sudha.Login_Page_Test" name="Login_Test" time="2.772"/>
  <system-out/>
</testsuite> <!-- org.sample.task.sudha.Login_Page_Test -->
